<?xml version="1.0" encoding="UTF-8"?>
<testng-results skipped="0" failed="0" total="1" passed="1">
  <reporter-output>
  </reporter-output>
  <suite name="Default suite" duration-ms="65346" started-at="2020-02-28T04:16:16Z" finished-at="2020-02-28T04:17:22Z">
    <groups>
    </groups>
    <test name="Default test" duration-ms="65346" started-at="2020-02-28T04:16:16Z" finished-at="2020-02-28T04:17:22Z">
      <class name="scripts.NewTest">
        <test-method status="PASS" signature="launchBrowser()[pri:0, instance:scripts.NewTest@19a81e8]" name="launchBrowser" is-config="true" duration-ms="27235" started-at="2020-02-28T09:46:16Z" finished-at="2020-02-28T09:46:43Z">
          <reporter-output>
          </reporter-output>
        </test-method> <!-- launchBrowser -->
        <test-method status="PASS" signature="f()[pri:0, instance:scripts.NewTest@19a81e8]" name="f" duration-ms="38062" started-at="2020-02-28T09:46:43Z" finished-at="2020-02-28T09:47:22Z">
          <reporter-output>
          </reporter-output>
        </test-method> <!-- f -->
        <test-method status="PASS" signature="terminateBrowser()[pri:0, instance:scripts.NewTest@19a81e8]" name="terminateBrowser" is-config="true" duration-ms="0" started-at="2020-02-28T09:47:22Z" finished-at="2020-02-28T09:47:22Z">
          <reporter-output>
          </reporter-output>
        </test-method> <!-- terminateBrowser -->
      </class> <!-- scripts.NewTest -->
    </test> <!-- Default test -->
  </suite> <!-- Default suite -->
</testng-results>
